Skipping 'None' which didn't exist, or couldn't be read
application/gzip
application/gzip
Started analysis of R1_1101_input_CleanData_R1.fastq.gz
application/gzip
application/gzip
application/gzip
application/gzip
application/gzip
application/gzip
application/gzip
application/gzip
application/gzip
application/gzip
application/gzip
application/gzip
application/gzip
application/gzip
application/gzip
application/gzip
application/gzip
application/gzip
application/gzip
application/gzip
application/gzip
application/gzip
Approx 5% complete for R1_1101_input_CleanData_R1.fastq.gz
Approx 10% complete for R1_1101_input_CleanData_R1.fastq.gz
Approx 15% complete for R1_1101_input_CleanData_R1.fastq.gz
Approx 20% complete for R1_1101_input_CleanData_R1.fastq.gz
Approx 25% complete for R1_1101_input_CleanData_R1.fastq.gz
Approx 30% complete for R1_1101_input_CleanData_R1.fastq.gz
Approx 35% complete for R1_1101_input_CleanData_R1.fastq.gz
Approx 40% complete for R1_1101_input_CleanData_R1.fastq.gz
Approx 45% complete for R1_1101_input_CleanData_R1.fastq.gz
Approx 50% complete for R1_1101_input_CleanData_R1.fastq.gz
Approx 55% complete for R1_1101_input_CleanData_R1.fastq.gz
Approx 60% complete for R1_1101_input_CleanData_R1.fastq.gz
Approx 65% complete for R1_1101_input_CleanData_R1.fastq.gz
Approx 70% complete for R1_1101_input_CleanData_R1.fastq.gz
Approx 75% complete for R1_1101_input_CleanData_R1.fastq.gz
Approx 80% complete for R1_1101_input_CleanData_R1.fastq.gz
Approx 85% complete for R1_1101_input_CleanData_R1.fastq.gz
Approx 90% complete for R1_1101_input_CleanData_R1.fastq.gz
Approx 95% complete for R1_1101_input_CleanData_R1.fastq.gz
Analysis complete for R1_1101_input_CleanData_R1.fastq.gz
Started analysis of E22_heart_IP_CleanData_R2.fastq.gz
Approx 5% complete for E22_heart_IP_CleanData_R2.fastq.gz
Approx 10% complete for E22_heart_IP_CleanData_R2.fastq.gz
Approx 15% complete for E22_heart_IP_CleanData_R2.fastq.gz
Approx 20% complete for E22_heart_IP_CleanData_R2.fastq.gz
Approx 25% complete for E22_heart_IP_CleanData_R2.fastq.gz
Approx 30% complete for E22_heart_IP_CleanData_R2.fastq.gz
Approx 35% complete for E22_heart_IP_CleanData_R2.fastq.gz
Approx 40% complete for E22_heart_IP_CleanData_R2.fastq.gz
Approx 45% complete for E22_heart_IP_CleanData_R2.fastq.gz
Approx 50% complete for E22_heart_IP_CleanData_R2.fastq.gz
Approx 55% complete for E22_heart_IP_CleanData_R2.fastq.gz
Approx 60% complete for E22_heart_IP_CleanData_R2.fastq.gz
Approx 65% complete for E22_heart_IP_CleanData_R2.fastq.gz
Approx 70% complete for E22_heart_IP_CleanData_R2.fastq.gz
Approx 75% complete for E22_heart_IP_CleanData_R2.fastq.gz
Approx 80% complete for E22_heart_IP_CleanData_R2.fastq.gz
Approx 85% complete for E22_heart_IP_CleanData_R2.fastq.gz
Approx 90% complete for E22_heart_IP_CleanData_R2.fastq.gz
Approx 95% complete for E22_heart_IP_CleanData_R2.fastq.gz
Analysis complete for E22_heart_IP_CleanData_R2.fastq.gz
Started analysis of A1_heart_input_CleanData_R2.fastq.gz
Approx 5% complete for A1_heart_input_CleanData_R2.fastq.gz
Approx 10% complete for A1_heart_input_CleanData_R2.fastq.gz
Approx 15% complete for A1_heart_input_CleanData_R2.fastq.gz
Approx 20% complete for A1_heart_input_CleanData_R2.fastq.gz
Approx 25% complete for A1_heart_input_CleanData_R2.fastq.gz
Approx 30% complete for A1_heart_input_CleanData_R2.fastq.gz
Approx 35% complete for A1_heart_input_CleanData_R2.fastq.gz
Approx 40% complete for A1_heart_input_CleanData_R2.fastq.gz
Approx 45% complete for A1_heart_input_CleanData_R2.fastq.gz
Approx 50% complete for A1_heart_input_CleanData_R2.fastq.gz
Approx 55% complete for A1_heart_input_CleanData_R2.fastq.gz
Approx 60% complete for A1_heart_input_CleanData_R2.fastq.gz
Approx 65% complete for A1_heart_input_CleanData_R2.fastq.gz
Approx 70% complete for A1_heart_input_CleanData_R2.fastq.gz
Approx 75% complete for A1_heart_input_CleanData_R2.fastq.gz
Approx 80% complete for A1_heart_input_CleanData_R2.fastq.gz
Approx 85% complete for A1_heart_input_CleanData_R2.fastq.gz
Approx 90% complete for A1_heart_input_CleanData_R2.fastq.gz
Approx 95% complete for A1_heart_input_CleanData_R2.fastq.gz
Analysis complete for A1_heart_input_CleanData_R2.fastq.gz
Started analysis of E27_heart_input__CleanData_R2.fastq.gz
Approx 5% complete for E27_heart_input__CleanData_R2.fastq.gz
Approx 10% complete for E27_heart_input__CleanData_R2.fastq.gz
Approx 15% complete for E27_heart_input__CleanData_R2.fastq.gz
Approx 20% complete for E27_heart_input__CleanData_R2.fastq.gz
Approx 25% complete for E27_heart_input__CleanData_R2.fastq.gz
Approx 30% complete for E27_heart_input__CleanData_R2.fastq.gz
Approx 35% complete for E27_heart_input__CleanData_R2.fastq.gz
Approx 40% complete for E27_heart_input__CleanData_R2.fastq.gz
Approx 45% complete for E27_heart_input__CleanData_R2.fastq.gz
Approx 50% complete for E27_heart_input__CleanData_R2.fastq.gz
Approx 55% complete for E27_heart_input__CleanData_R2.fastq.gz
Approx 60% complete for E27_heart_input__CleanData_R2.fastq.gz
Approx 65% complete for E27_heart_input__CleanData_R2.fastq.gz
Approx 70% complete for E27_heart_input__CleanData_R2.fastq.gz
Approx 75% complete for E27_heart_input__CleanData_R2.fastq.gz
Approx 80% complete for E27_heart_input__CleanData_R2.fastq.gz
Approx 85% complete for E27_heart_input__CleanData_R2.fastq.gz
Approx 90% complete for E27_heart_input__CleanData_R2.fastq.gz
Approx 95% complete for E27_heart_input__CleanData_R2.fastq.gz
Analysis complete for E27_heart_input__CleanData_R2.fastq.gz
Started analysis of R1_925_input_CleanData_R1.fastq.gz
Approx 5% complete for R1_925_input_CleanData_R1.fastq.gz
Approx 10% complete for R1_925_input_CleanData_R1.fastq.gz
Approx 15% complete for R1_925_input_CleanData_R1.fastq.gz
Approx 20% complete for R1_925_input_CleanData_R1.fastq.gz
Approx 25% complete for R1_925_input_CleanData_R1.fastq.gz
Approx 30% complete for R1_925_input_CleanData_R1.fastq.gz
Approx 35% complete for R1_925_input_CleanData_R1.fastq.gz
Approx 40% complete for R1_925_input_CleanData_R1.fastq.gz
Approx 45% complete for R1_925_input_CleanData_R1.fastq.gz
Approx 50% complete for R1_925_input_CleanData_R1.fastq.gz
Approx 55% complete for R1_925_input_CleanData_R1.fastq.gz
Approx 60% complete for R1_925_input_CleanData_R1.fastq.gz
Approx 65% complete for R1_925_input_CleanData_R1.fastq.gz
Approx 70% complete for R1_925_input_CleanData_R1.fastq.gz
Approx 75% complete for R1_925_input_CleanData_R1.fastq.gz
Approx 80% complete for R1_925_input_CleanData_R1.fastq.gz
Approx 85% complete for R1_925_input_CleanData_R1.fastq.gz
Approx 90% complete for R1_925_input_CleanData_R1.fastq.gz
Approx 95% complete for R1_925_input_CleanData_R1.fastq.gz
Analysis complete for R1_925_input_CleanData_R1.fastq.gz
Started analysis of R1_1101_input_CleanData_R2.fastq.gz
Approx 5% complete for R1_1101_input_CleanData_R2.fastq.gz
Approx 10% complete for R1_1101_input_CleanData_R2.fastq.gz
Approx 15% complete for R1_1101_input_CleanData_R2.fastq.gz
Approx 20% complete for R1_1101_input_CleanData_R2.fastq.gz
Approx 25% complete for R1_1101_input_CleanData_R2.fastq.gz
Approx 30% complete for R1_1101_input_CleanData_R2.fastq.gz
Approx 35% complete for R1_1101_input_CleanData_R2.fastq.gz
Approx 40% complete for R1_1101_input_CleanData_R2.fastq.gz
Approx 45% complete for R1_1101_input_CleanData_R2.fastq.gz
Approx 50% complete for R1_1101_input_CleanData_R2.fastq.gz
Approx 55% complete for R1_1101_input_CleanData_R2.fastq.gz
Approx 60% complete for R1_1101_input_CleanData_R2.fastq.gz
Approx 65% complete for R1_1101_input_CleanData_R2.fastq.gz
Approx 70% complete for R1_1101_input_CleanData_R2.fastq.gz
Approx 75% complete for R1_1101_input_CleanData_R2.fastq.gz
Approx 80% complete for R1_1101_input_CleanData_R2.fastq.gz
Approx 85% complete for R1_1101_input_CleanData_R2.fastq.gz
Approx 90% complete for R1_1101_input_CleanData_R2.fastq.gz
Approx 95% complete for R1_1101_input_CleanData_R2.fastq.gz
Analysis complete for R1_1101_input_CleanData_R2.fastq.gz
Started analysis of R1_925_IP_CleanData_R1.fastq.gz
Approx 5% complete for R1_925_IP_CleanData_R1.fastq.gz
Approx 10% complete for R1_925_IP_CleanData_R1.fastq.gz
Approx 15% complete for R1_925_IP_CleanData_R1.fastq.gz
Approx 20% complete for R1_925_IP_CleanData_R1.fastq.gz
Approx 25% complete for R1_925_IP_CleanData_R1.fastq.gz
Approx 30% complete for R1_925_IP_CleanData_R1.fastq.gz
Approx 35% complete for R1_925_IP_CleanData_R1.fastq.gz
Approx 40% complete for R1_925_IP_CleanData_R1.fastq.gz
Approx 45% complete for R1_925_IP_CleanData_R1.fastq.gz
Approx 50% complete for R1_925_IP_CleanData_R1.fastq.gz
Approx 55% complete for R1_925_IP_CleanData_R1.fastq.gz
Approx 60% complete for R1_925_IP_CleanData_R1.fastq.gz
Approx 65% complete for R1_925_IP_CleanData_R1.fastq.gz
Approx 70% complete for R1_925_IP_CleanData_R1.fastq.gz
Approx 75% complete for R1_925_IP_CleanData_R1.fastq.gz
Approx 80% complete for R1_925_IP_CleanData_R1.fastq.gz
Approx 85% complete for R1_925_IP_CleanData_R1.fastq.gz
Approx 90% complete for R1_925_IP_CleanData_R1.fastq.gz
Approx 95% complete for R1_925_IP_CleanData_R1.fastq.gz
Analysis complete for R1_925_IP_CleanData_R1.fastq.gz
Started analysis of E22_heart_input_CleanData_R2.fastq.gz
Approx 5% complete for E22_heart_input_CleanData_R2.fastq.gz
Approx 10% complete for E22_heart_input_CleanData_R2.fastq.gz
Approx 15% complete for E22_heart_input_CleanData_R2.fastq.gz
Approx 20% complete for E22_heart_input_CleanData_R2.fastq.gz
Approx 25% complete for E22_heart_input_CleanData_R2.fastq.gz
Approx 30% complete for E22_heart_input_CleanData_R2.fastq.gz
Approx 35% complete for E22_heart_input_CleanData_R2.fastq.gz
Approx 40% complete for E22_heart_input_CleanData_R2.fastq.gz
Approx 45% complete for E22_heart_input_CleanData_R2.fastq.gz
Approx 50% complete for E22_heart_input_CleanData_R2.fastq.gz
Approx 55% complete for E22_heart_input_CleanData_R2.fastq.gz
Approx 60% complete for E22_heart_input_CleanData_R2.fastq.gz
Approx 65% complete for E22_heart_input_CleanData_R2.fastq.gz
Approx 70% complete for E22_heart_input_CleanData_R2.fastq.gz
Approx 75% complete for E22_heart_input_CleanData_R2.fastq.gz
Approx 80% complete for E22_heart_input_CleanData_R2.fastq.gz
Approx 85% complete for E22_heart_input_CleanData_R2.fastq.gz
Approx 90% complete for E22_heart_input_CleanData_R2.fastq.gz
Approx 95% complete for E22_heart_input_CleanData_R2.fastq.gz
Analysis complete for E22_heart_input_CleanData_R2.fastq.gz
Started analysis of R1_1101_IP_CleanData_R1.fastq.gz
Approx 5% complete for R1_1101_IP_CleanData_R1.fastq.gz
Approx 10% complete for R1_1101_IP_CleanData_R1.fastq.gz
Approx 15% complete for R1_1101_IP_CleanData_R1.fastq.gz
Approx 20% complete for R1_1101_IP_CleanData_R1.fastq.gz
Approx 25% complete for R1_1101_IP_CleanData_R1.fastq.gz
Approx 30% complete for R1_1101_IP_CleanData_R1.fastq.gz
Approx 35% complete for R1_1101_IP_CleanData_R1.fastq.gz
Approx 40% complete for R1_1101_IP_CleanData_R1.fastq.gz
Approx 45% complete for R1_1101_IP_CleanData_R1.fastq.gz
Approx 50% complete for R1_1101_IP_CleanData_R1.fastq.gz
Approx 55% complete for R1_1101_IP_CleanData_R1.fastq.gz
Approx 60% complete for R1_1101_IP_CleanData_R1.fastq.gz
Approx 65% complete for R1_1101_IP_CleanData_R1.fastq.gz
Approx 70% complete for R1_1101_IP_CleanData_R1.fastq.gz
Approx 75% complete for R1_1101_IP_CleanData_R1.fastq.gz
Approx 80% complete for R1_1101_IP_CleanData_R1.fastq.gz
Approx 85% complete for R1_1101_IP_CleanData_R1.fastq.gz
Approx 90% complete for R1_1101_IP_CleanData_R1.fastq.gz
Approx 95% complete for R1_1101_IP_CleanData_R1.fastq.gz
Analysis complete for R1_1101_IP_CleanData_R1.fastq.gz
Started analysis of A1_heart_IP_CleanData_R2.fastq.gz
Approx 5% complete for A1_heart_IP_CleanData_R2.fastq.gz
Approx 10% complete for A1_heart_IP_CleanData_R2.fastq.gz
Approx 15% complete for A1_heart_IP_CleanData_R2.fastq.gz
Approx 20% complete for A1_heart_IP_CleanData_R2.fastq.gz
Approx 25% complete for A1_heart_IP_CleanData_R2.fastq.gz
Approx 30% complete for A1_heart_IP_CleanData_R2.fastq.gz
Approx 35% complete for A1_heart_IP_CleanData_R2.fastq.gz
Approx 40% complete for A1_heart_IP_CleanData_R2.fastq.gz
Approx 45% complete for A1_heart_IP_CleanData_R2.fastq.gz
Approx 50% complete for A1_heart_IP_CleanData_R2.fastq.gz
Approx 55% complete for A1_heart_IP_CleanData_R2.fastq.gz
Approx 60% complete for A1_heart_IP_CleanData_R2.fastq.gz
Approx 65% complete for A1_heart_IP_CleanData_R2.fastq.gz
Approx 70% complete for A1_heart_IP_CleanData_R2.fastq.gz
Approx 75% complete for A1_heart_IP_CleanData_R2.fastq.gz
Approx 80% complete for A1_heart_IP_CleanData_R2.fastq.gz
Approx 85% complete for A1_heart_IP_CleanData_R2.fastq.gz
Approx 90% complete for A1_heart_IP_CleanData_R2.fastq.gz
Approx 95% complete for A1_heart_IP_CleanData_R2.fastq.gz
Analysis complete for A1_heart_IP_CleanData_R2.fastq.gz
Started analysis of A2_heart_input_CleanData_R1.fastq.gz
Approx 5% complete for A2_heart_input_CleanData_R1.fastq.gz
Approx 10% complete for A2_heart_input_CleanData_R1.fastq.gz
Approx 15% complete for A2_heart_input_CleanData_R1.fastq.gz
Approx 20% complete for A2_heart_input_CleanData_R1.fastq.gz
Approx 25% complete for A2_heart_input_CleanData_R1.fastq.gz
Approx 30% complete for A2_heart_input_CleanData_R1.fastq.gz
Approx 35% complete for A2_heart_input_CleanData_R1.fastq.gz
Approx 40% complete for A2_heart_input_CleanData_R1.fastq.gz
Approx 45% complete for A2_heart_input_CleanData_R1.fastq.gz
Approx 50% complete for A2_heart_input_CleanData_R1.fastq.gz
Approx 55% complete for A2_heart_input_CleanData_R1.fastq.gz
Approx 60% complete for A2_heart_input_CleanData_R1.fastq.gz
Approx 65% complete for A2_heart_input_CleanData_R1.fastq.gz
Approx 70% complete for A2_heart_input_CleanData_R1.fastq.gz
Approx 75% complete for A2_heart_input_CleanData_R1.fastq.gz
Approx 80% complete for A2_heart_input_CleanData_R1.fastq.gz
Approx 85% complete for A2_heart_input_CleanData_R1.fastq.gz
Approx 90% complete for A2_heart_input_CleanData_R1.fastq.gz
Approx 95% complete for A2_heart_input_CleanData_R1.fastq.gz
Analysis complete for A2_heart_input_CleanData_R1.fastq.gz
Started analysis of R1_925_input_CleanData_R2.fastq.gz
Approx 5% complete for R1_925_input_CleanData_R2.fastq.gz
Approx 10% complete for R1_925_input_CleanData_R2.fastq.gz
Approx 15% complete for R1_925_input_CleanData_R2.fastq.gz
Approx 20% complete for R1_925_input_CleanData_R2.fastq.gz
Approx 25% complete for R1_925_input_CleanData_R2.fastq.gz
Approx 30% complete for R1_925_input_CleanData_R2.fastq.gz
Approx 35% complete for R1_925_input_CleanData_R2.fastq.gz
Approx 40% complete for R1_925_input_CleanData_R2.fastq.gz
Approx 45% complete for R1_925_input_CleanData_R2.fastq.gz
Approx 50% complete for R1_925_input_CleanData_R2.fastq.gz
Approx 55% complete for R1_925_input_CleanData_R2.fastq.gz
Approx 60% complete for R1_925_input_CleanData_R2.fastq.gz
Approx 65% complete for R1_925_input_CleanData_R2.fastq.gz
Approx 70% complete for R1_925_input_CleanData_R2.fastq.gz
Approx 75% complete for R1_925_input_CleanData_R2.fastq.gz
Approx 80% complete for R1_925_input_CleanData_R2.fastq.gz
Approx 85% complete for R1_925_input_CleanData_R2.fastq.gz
Approx 90% complete for R1_925_input_CleanData_R2.fastq.gz
Approx 95% complete for R1_925_input_CleanData_R2.fastq.gz
Analysis complete for R1_925_input_CleanData_R2.fastq.gz
Started analysis of A2_heart_IP_CleanData_R2.fastq.gz
Approx 5% complete for A2_heart_IP_CleanData_R2.fastq.gz
Approx 10% complete for A2_heart_IP_CleanData_R2.fastq.gz
Approx 15% complete for A2_heart_IP_CleanData_R2.fastq.gz
Approx 20% complete for A2_heart_IP_CleanData_R2.fastq.gz
Approx 25% complete for A2_heart_IP_CleanData_R2.fastq.gz
Approx 30% complete for A2_heart_IP_CleanData_R2.fastq.gz
Approx 35% complete for A2_heart_IP_CleanData_R2.fastq.gz
Approx 40% complete for A2_heart_IP_CleanData_R2.fastq.gz
Approx 45% complete for A2_heart_IP_CleanData_R2.fastq.gz
Approx 50% complete for A2_heart_IP_CleanData_R2.fastq.gz
Approx 55% complete for A2_heart_IP_CleanData_R2.fastq.gz
Approx 60% complete for A2_heart_IP_CleanData_R2.fastq.gz
Approx 65% complete for A2_heart_IP_CleanData_R2.fastq.gz
Approx 70% complete for A2_heart_IP_CleanData_R2.fastq.gz
Approx 75% complete for A2_heart_IP_CleanData_R2.fastq.gz
Approx 80% complete for A2_heart_IP_CleanData_R2.fastq.gz
Approx 85% complete for A2_heart_IP_CleanData_R2.fastq.gz
Approx 90% complete for A2_heart_IP_CleanData_R2.fastq.gz
Approx 95% complete for A2_heart_IP_CleanData_R2.fastq.gz
Analysis complete for A2_heart_IP_CleanData_R2.fastq.gz
Started analysis of R1_1101_IP_CleanData_R2.fastq.gz
Approx 5% complete for R1_1101_IP_CleanData_R2.fastq.gz
Approx 10% complete for R1_1101_IP_CleanData_R2.fastq.gz
Approx 15% complete for R1_1101_IP_CleanData_R2.fastq.gz
Approx 20% complete for R1_1101_IP_CleanData_R2.fastq.gz
Approx 25% complete for R1_1101_IP_CleanData_R2.fastq.gz
Approx 30% complete for R1_1101_IP_CleanData_R2.fastq.gz
Approx 35% complete for R1_1101_IP_CleanData_R2.fastq.gz
Approx 40% complete for R1_1101_IP_CleanData_R2.fastq.gz
Approx 45% complete for R1_1101_IP_CleanData_R2.fastq.gz
Approx 50% complete for R1_1101_IP_CleanData_R2.fastq.gz
Approx 55% complete for R1_1101_IP_CleanData_R2.fastq.gz
Approx 60% complete for R1_1101_IP_CleanData_R2.fastq.gz
Approx 65% complete for R1_1101_IP_CleanData_R2.fastq.gz
Approx 70% complete for R1_1101_IP_CleanData_R2.fastq.gz
Approx 75% complete for R1_1101_IP_CleanData_R2.fastq.gz
Approx 80% complete for R1_1101_IP_CleanData_R2.fastq.gz
Approx 85% complete for R1_1101_IP_CleanData_R2.fastq.gz
Approx 90% complete for R1_1101_IP_CleanData_R2.fastq.gz
Approx 95% complete for R1_1101_IP_CleanData_R2.fastq.gz
Analysis complete for R1_1101_IP_CleanData_R2.fastq.gz
Started analysis of E27_heart_IP_CleanData_R2.fastq.gz
Approx 5% complete for E27_heart_IP_CleanData_R2.fastq.gz
Approx 10% complete for E27_heart_IP_CleanData_R2.fastq.gz
Approx 15% complete for E27_heart_IP_CleanData_R2.fastq.gz
Approx 20% complete for E27_heart_IP_CleanData_R2.fastq.gz
Approx 25% complete for E27_heart_IP_CleanData_R2.fastq.gz
Approx 30% complete for E27_heart_IP_CleanData_R2.fastq.gz
Approx 35% complete for E27_heart_IP_CleanData_R2.fastq.gz
Approx 40% complete for E27_heart_IP_CleanData_R2.fastq.gz
Approx 45% complete for E27_heart_IP_CleanData_R2.fastq.gz
Approx 50% complete for E27_heart_IP_CleanData_R2.fastq.gz
Approx 55% complete for E27_heart_IP_CleanData_R2.fastq.gz
Approx 60% complete for E27_heart_IP_CleanData_R2.fastq.gz
Approx 65% complete for E27_heart_IP_CleanData_R2.fastq.gz
Approx 70% complete for E27_heart_IP_CleanData_R2.fastq.gz
Approx 75% complete for E27_heart_IP_CleanData_R2.fastq.gz
Approx 80% complete for E27_heart_IP_CleanData_R2.fastq.gz
Approx 85% complete for E27_heart_IP_CleanData_R2.fastq.gz
Approx 90% complete for E27_heart_IP_CleanData_R2.fastq.gz
Approx 95% complete for E27_heart_IP_CleanData_R2.fastq.gz
Analysis complete for E27_heart_IP_CleanData_R2.fastq.gz
Started analysis of E27_heart_IP_CleanData_R1.fastq.gz
Approx 5% complete for E27_heart_IP_CleanData_R1.fastq.gz
Approx 10% complete for E27_heart_IP_CleanData_R1.fastq.gz
Approx 15% complete for E27_heart_IP_CleanData_R1.fastq.gz
Approx 20% complete for E27_heart_IP_CleanData_R1.fastq.gz
Approx 25% complete for E27_heart_IP_CleanData_R1.fastq.gz
Approx 30% complete for E27_heart_IP_CleanData_R1.fastq.gz
Approx 35% complete for E27_heart_IP_CleanData_R1.fastq.gz
Approx 40% complete for E27_heart_IP_CleanData_R1.fastq.gz
Approx 45% complete for E27_heart_IP_CleanData_R1.fastq.gz
Approx 50% complete for E27_heart_IP_CleanData_R1.fastq.gz
Approx 55% complete for E27_heart_IP_CleanData_R1.fastq.gz
Approx 60% complete for E27_heart_IP_CleanData_R1.fastq.gz
Approx 65% complete for E27_heart_IP_CleanData_R1.fastq.gz
Approx 70% complete for E27_heart_IP_CleanData_R1.fastq.gz
Approx 75% complete for E27_heart_IP_CleanData_R1.fastq.gz
Approx 80% complete for E27_heart_IP_CleanData_R1.fastq.gz
Approx 85% complete for E27_heart_IP_CleanData_R1.fastq.gz
Approx 90% complete for E27_heart_IP_CleanData_R1.fastq.gz
Approx 95% complete for E27_heart_IP_CleanData_R1.fastq.gz
Analysis complete for E27_heart_IP_CleanData_R1.fastq.gz
Started analysis of A2_heart_input_CleanData_R2.fastq.gz
Approx 5% complete for A2_heart_input_CleanData_R2.fastq.gz
Approx 10% complete for A2_heart_input_CleanData_R2.fastq.gz
Approx 15% complete for A2_heart_input_CleanData_R2.fastq.gz
Approx 20% complete for A2_heart_input_CleanData_R2.fastq.gz
Approx 25% complete for A2_heart_input_CleanData_R2.fastq.gz
Approx 30% complete for A2_heart_input_CleanData_R2.fastq.gz
Approx 35% complete for A2_heart_input_CleanData_R2.fastq.gz
Approx 40% complete for A2_heart_input_CleanData_R2.fastq.gz
Approx 45% complete for A2_heart_input_CleanData_R2.fastq.gz
Approx 50% complete for A2_heart_input_CleanData_R2.fastq.gz
Approx 55% complete for A2_heart_input_CleanData_R2.fastq.gz
Approx 60% complete for A2_heart_input_CleanData_R2.fastq.gz
Approx 65% complete for A2_heart_input_CleanData_R2.fastq.gz
Approx 70% complete for A2_heart_input_CleanData_R2.fastq.gz
Approx 75% complete for A2_heart_input_CleanData_R2.fastq.gz
Approx 80% complete for A2_heart_input_CleanData_R2.fastq.gz
Approx 85% complete for A2_heart_input_CleanData_R2.fastq.gz
Approx 90% complete for A2_heart_input_CleanData_R2.fastq.gz
Approx 95% complete for A2_heart_input_CleanData_R2.fastq.gz
Analysis complete for A2_heart_input_CleanData_R2.fastq.gz
Started analysis of E27_heart_input__CleanData_R1.fastq.gz
Approx 5% complete for E27_heart_input__CleanData_R1.fastq.gz
Approx 10% complete for E27_heart_input__CleanData_R1.fastq.gz
Approx 15% complete for E27_heart_input__CleanData_R1.fastq.gz
Approx 20% complete for E27_heart_input__CleanData_R1.fastq.gz
Approx 25% complete for E27_heart_input__CleanData_R1.fastq.gz
Approx 30% complete for E27_heart_input__CleanData_R1.fastq.gz
Approx 35% complete for E27_heart_input__CleanData_R1.fastq.gz
Approx 40% complete for E27_heart_input__CleanData_R1.fastq.gz
Approx 45% complete for E27_heart_input__CleanData_R1.fastq.gz
Approx 50% complete for E27_heart_input__CleanData_R1.fastq.gz
Approx 55% complete for E27_heart_input__CleanData_R1.fastq.gz
Approx 60% complete for E27_heart_input__CleanData_R1.fastq.gz
Approx 65% complete for E27_heart_input__CleanData_R1.fastq.gz
Approx 70% complete for E27_heart_input__CleanData_R1.fastq.gz
Approx 75% complete for E27_heart_input__CleanData_R1.fastq.gz
Approx 80% complete for E27_heart_input__CleanData_R1.fastq.gz
Approx 85% complete for E27_heart_input__CleanData_R1.fastq.gz
Approx 90% complete for E27_heart_input__CleanData_R1.fastq.gz
Approx 95% complete for E27_heart_input__CleanData_R1.fastq.gz
Analysis complete for E27_heart_input__CleanData_R1.fastq.gz
Started analysis of R1_925_IP_CleanData_R2.fastq.gz
Approx 5% complete for R1_925_IP_CleanData_R2.fastq.gz
Approx 10% complete for R1_925_IP_CleanData_R2.fastq.gz
Approx 15% complete for R1_925_IP_CleanData_R2.fastq.gz
Approx 20% complete for R1_925_IP_CleanData_R2.fastq.gz
Approx 25% complete for R1_925_IP_CleanData_R2.fastq.gz
Approx 30% complete for R1_925_IP_CleanData_R2.fastq.gz
Approx 35% complete for R1_925_IP_CleanData_R2.fastq.gz
Approx 40% complete for R1_925_IP_CleanData_R2.fastq.gz
Approx 45% complete for R1_925_IP_CleanData_R2.fastq.gz
Approx 50% complete for R1_925_IP_CleanData_R2.fastq.gz
Approx 55% complete for R1_925_IP_CleanData_R2.fastq.gz
Approx 60% complete for R1_925_IP_CleanData_R2.fastq.gz
Approx 65% complete for R1_925_IP_CleanData_R2.fastq.gz
Approx 70% complete for R1_925_IP_CleanData_R2.fastq.gz
Approx 75% complete for R1_925_IP_CleanData_R2.fastq.gz
Approx 80% complete for R1_925_IP_CleanData_R2.fastq.gz
Approx 85% complete for R1_925_IP_CleanData_R2.fastq.gz
Approx 90% complete for R1_925_IP_CleanData_R2.fastq.gz
Approx 95% complete for R1_925_IP_CleanData_R2.fastq.gz
Analysis complete for R1_925_IP_CleanData_R2.fastq.gz
Started analysis of E22_heart_IP_CleanData_R1.fastq.gz
Approx 5% complete for E22_heart_IP_CleanData_R1.fastq.gz
Approx 10% complete for E22_heart_IP_CleanData_R1.fastq.gz
Approx 15% complete for E22_heart_IP_CleanData_R1.fastq.gz
Approx 20% complete for E22_heart_IP_CleanData_R1.fastq.gz
Approx 25% complete for E22_heart_IP_CleanData_R1.fastq.gz
Approx 30% complete for E22_heart_IP_CleanData_R1.fastq.gz
Approx 35% complete for E22_heart_IP_CleanData_R1.fastq.gz
Approx 40% complete for E22_heart_IP_CleanData_R1.fastq.gz
Approx 45% complete for E22_heart_IP_CleanData_R1.fastq.gz
Approx 50% complete for E22_heart_IP_CleanData_R1.fastq.gz
Approx 55% complete for E22_heart_IP_CleanData_R1.fastq.gz
Approx 60% complete for E22_heart_IP_CleanData_R1.fastq.gz
Approx 65% complete for E22_heart_IP_CleanData_R1.fastq.gz
Approx 70% complete for E22_heart_IP_CleanData_R1.fastq.gz
Approx 75% complete for E22_heart_IP_CleanData_R1.fastq.gz
Approx 80% complete for E22_heart_IP_CleanData_R1.fastq.gz
Approx 85% complete for E22_heart_IP_CleanData_R1.fastq.gz
Approx 90% complete for E22_heart_IP_CleanData_R1.fastq.gz
Approx 95% complete for E22_heart_IP_CleanData_R1.fastq.gz
Analysis complete for E22_heart_IP_CleanData_R1.fastq.gz
Started analysis of A2_heart_IP_CleanData_R1.fastq.gz
Approx 5% complete for A2_heart_IP_CleanData_R1.fastq.gz
Approx 10% complete for A2_heart_IP_CleanData_R1.fastq.gz
Approx 15% complete for A2_heart_IP_CleanData_R1.fastq.gz
Approx 20% complete for A2_heart_IP_CleanData_R1.fastq.gz
Approx 25% complete for A2_heart_IP_CleanData_R1.fastq.gz
Approx 30% complete for A2_heart_IP_CleanData_R1.fastq.gz
Approx 35% complete for A2_heart_IP_CleanData_R1.fastq.gz
Approx 40% complete for A2_heart_IP_CleanData_R1.fastq.gz
Approx 45% complete for A2_heart_IP_CleanData_R1.fastq.gz
Approx 50% complete for A2_heart_IP_CleanData_R1.fastq.gz
Approx 55% complete for A2_heart_IP_CleanData_R1.fastq.gz
Approx 60% complete for A2_heart_IP_CleanData_R1.fastq.gz
Approx 65% complete for A2_heart_IP_CleanData_R1.fastq.gz
Approx 70% complete for A2_heart_IP_CleanData_R1.fastq.gz
Approx 75% complete for A2_heart_IP_CleanData_R1.fastq.gz
Approx 80% complete for A2_heart_IP_CleanData_R1.fastq.gz
Approx 85% complete for A2_heart_IP_CleanData_R1.fastq.gz
Approx 90% complete for A2_heart_IP_CleanData_R1.fastq.gz
Approx 95% complete for A2_heart_IP_CleanData_R1.fastq.gz
Analysis complete for A2_heart_IP_CleanData_R1.fastq.gz
Started analysis of A1_heart_input_CleanData_R1.fastq.gz
Approx 5% complete for A1_heart_input_CleanData_R1.fastq.gz
Approx 10% complete for A1_heart_input_CleanData_R1.fastq.gz
Approx 15% complete for A1_heart_input_CleanData_R1.fastq.gz
Approx 20% complete for A1_heart_input_CleanData_R1.fastq.gz
Approx 25% complete for A1_heart_input_CleanData_R1.fastq.gz
Approx 30% complete for A1_heart_input_CleanData_R1.fastq.gz
Approx 35% complete for A1_heart_input_CleanData_R1.fastq.gz
Approx 40% complete for A1_heart_input_CleanData_R1.fastq.gz
Approx 45% complete for A1_heart_input_CleanData_R1.fastq.gz
Approx 50% complete for A1_heart_input_CleanData_R1.fastq.gz
Approx 55% complete for A1_heart_input_CleanData_R1.fastq.gz
Approx 60% complete for A1_heart_input_CleanData_R1.fastq.gz
Approx 65% complete for A1_heart_input_CleanData_R1.fastq.gz
Approx 70% complete for A1_heart_input_CleanData_R1.fastq.gz
Approx 75% complete for A1_heart_input_CleanData_R1.fastq.gz
Approx 80% complete for A1_heart_input_CleanData_R1.fastq.gz
Approx 85% complete for A1_heart_input_CleanData_R1.fastq.gz
Approx 90% complete for A1_heart_input_CleanData_R1.fastq.gz
Approx 95% complete for A1_heart_input_CleanData_R1.fastq.gz
Analysis complete for A1_heart_input_CleanData_R1.fastq.gz
Started analysis of A1_heart_IP_CleanData_R1.fastq.gz
Approx 5% complete for A1_heart_IP_CleanData_R1.fastq.gz
Approx 10% complete for A1_heart_IP_CleanData_R1.fastq.gz
Approx 15% complete for A1_heart_IP_CleanData_R1.fastq.gz
Approx 20% complete for A1_heart_IP_CleanData_R1.fastq.gz
Approx 25% complete for A1_heart_IP_CleanData_R1.fastq.gz
Approx 30% complete for A1_heart_IP_CleanData_R1.fastq.gz
Approx 35% complete for A1_heart_IP_CleanData_R1.fastq.gz
Approx 40% complete for A1_heart_IP_CleanData_R1.fastq.gz
Approx 45% complete for A1_heart_IP_CleanData_R1.fastq.gz
Approx 50% complete for A1_heart_IP_CleanData_R1.fastq.gz
Approx 55% complete for A1_heart_IP_CleanData_R1.fastq.gz
Approx 60% complete for A1_heart_IP_CleanData_R1.fastq.gz
Approx 65% complete for A1_heart_IP_CleanData_R1.fastq.gz
Approx 70% complete for A1_heart_IP_CleanData_R1.fastq.gz
Approx 75% complete for A1_heart_IP_CleanData_R1.fastq.gz
Approx 80% complete for A1_heart_IP_CleanData_R1.fastq.gz
Approx 85% complete for A1_heart_IP_CleanData_R1.fastq.gz
Approx 90% complete for A1_heart_IP_CleanData_R1.fastq.gz
Approx 95% complete for A1_heart_IP_CleanData_R1.fastq.gz
Analysis complete for A1_heart_IP_CleanData_R1.fastq.gz
Started analysis of E22_heart_input_CleanData_R1.fastq.gz
Approx 5% complete for E22_heart_input_CleanData_R1.fastq.gz
Approx 10% complete for E22_heart_input_CleanData_R1.fastq.gz
Approx 15% complete for E22_heart_input_CleanData_R1.fastq.gz
Approx 20% complete for E22_heart_input_CleanData_R1.fastq.gz
Approx 25% complete for E22_heart_input_CleanData_R1.fastq.gz
Approx 30% complete for E22_heart_input_CleanData_R1.fastq.gz
Approx 35% complete for E22_heart_input_CleanData_R1.fastq.gz
Approx 40% complete for E22_heart_input_CleanData_R1.fastq.gz
Approx 45% complete for E22_heart_input_CleanData_R1.fastq.gz
Approx 50% complete for E22_heart_input_CleanData_R1.fastq.gz
Approx 55% complete for E22_heart_input_CleanData_R1.fastq.gz
Approx 60% complete for E22_heart_input_CleanData_R1.fastq.gz
Approx 65% complete for E22_heart_input_CleanData_R1.fastq.gz
Approx 70% complete for E22_heart_input_CleanData_R1.fastq.gz
Approx 75% complete for E22_heart_input_CleanData_R1.fastq.gz
Approx 80% complete for E22_heart_input_CleanData_R1.fastq.gz
Approx 85% complete for E22_heart_input_CleanData_R1.fastq.gz
Approx 90% complete for E22_heart_input_CleanData_R1.fastq.gz
Approx 95% complete for E22_heart_input_CleanData_R1.fastq.gz
Analysis complete for E22_heart_input_CleanData_R1.fastq.gz
Finished !

Time consumption: 2273.7664s
