nohup: ignoring input
Multicore support not enabled. Proceeding with single-core trimming.
Path to Cutadapt set as: 'cutadapt' (default)
Cutadapt seems to be working fine (tested command 'cutadapt --version')
Cutadapt version: 3.5
single-core operation.
Proceeding with 'gzip' for decompression
To decrease CPU usage of decompression, please install 'igzip' and run again

No quality encoding type selected. Assuming that the data provided uses Sanger encoded Phred scores (default)

Output will be written into the directory: /home/charles/Projects/m6a_data/trim_out/

gzip: stdout: Broken pipe


AUTO-DETECTING ADAPTER TYPE
===========================
Attempting to auto-detect adapter type from the first 1 million sequences of the first file (>> ../raw_data_fq/A1_heart_IP_CleanData_R1.fastq.gz <<)

Found perfect matches for the following adapter sequences:
Adapter type	Count	Sequence	Sequences analysed	Percentage
Illumina	5534	AGATCGGAAGAGC	1000000	0.55
Nextera	4	CTGTCTCTTATA	1000000	0.00
smallRNA	0	TGGAATTCTCGG	1000000	0.00
Using Illumina adapter for trimming (count: 5534). Second best hit was Nextera (count: 4)


gzip: stdout: Broken pipe
Writing report to '/home/charles/Projects/m6a_data/trim_out/A1_heart_IP_CleanData_R1.fastq.gz_trimming_report.txt'

SUMMARISING RUN PARAMETERS
==========================
Input filename: ../raw_data_fq/A1_heart_IP_CleanData_R1.fastq.gz
Trimming mode: paired-end
Trim Galore version: 0.6.10
Cutadapt version: 3.5
Number of cores used for trimming: 1
Quality Phred score cutoff: 30
Quality encoding type selected: ASCII+33
Adapter sequence: 'AGATCGGAAGAGC' (Illumina TruSeq, Sanger iPCR; auto-detected)
Maximum trimming error rate: 0.1 (default)
Minimum required adapter overlap (stringency): 1 bp
Minimum required sequence length for both reads before a sequence pair gets removed: 25 bp
Running FastQC on the data once trimming has completed
Output file(s) will be GZIP compressed

Cutadapt seems to be fairly up-to-date (version 3.5). Setting -j 1
Writing final adapter and quality trimmed output to A1_heart_IP_CleanData_R1_trimmed.fq.gz


  >>> Now performing quality (cutoff '-q 30') and adapter trimming in a single pass for the adapter sequence: 'AGATCGGAAGAGC' from file ../raw_data_fq/A1_heart_IP_CleanData_R1.fastq.gz <<< 
10000000 sequences processed
20000000 sequences processed
This is cutadapt 3.5 with Python 3.10.6
Command line parameters: -j 1 -e 0.1 -q 30 -O 1 -a AGATCGGAAGAGC ../raw_data_fq/A1_heart_IP_CleanData_R1.fastq.gz
Processing reads on 1 core in single-end mode ...
Finished in 471.00 s (22 µs/read; 2.67 M reads/minute).

=== Summary ===

Total reads processed:              20,981,607
Reads with adapters:                 5,980,040 (28.5%)
Reads written (passing filters):    20,981,607 (100.0%)

Total basepairs processed: 2,886,725,245 bp
Quality-trimmed:              35,689,104 bp (1.2%)
Total written (filtered):  2,838,335,283 bp (98.3%)

=== Adapter 1 ===

Sequence: AGATCGGAAGAGC; Type: regular 3'; Length: 13; Trimmed: 5980040 times

Minimum overlap: 1
No. of allowed errors:
1-9 bp: 0; 10-13 bp: 1

Bases preceding removed adapters:
  A: 27.7%
  C: 29.7%
  G: 22.3%
  T: 20.2%
  none/other: 0.1%

Overview of removed sequences
length	count	expect	max.err	error counts
1	3753032	5245401.8	0	3753032
2	1692978	1311350.4	0	1692978
3	267566	327837.6	0	267566
4	90856	81959.4	0	90856
5	19130	20489.9	0	19130
6	3749	5122.5	0	3749
7	2878	1280.6	0	2878
8	4032	320.2	0	4032
9	4075	80.0	0	3759 316
10	3705	20.0	1	2480 1225
11	5609	5.0	1	3455 2154
12	3927	1.3	1	2633 1294
13	3741	0.3	1	2403 1338
14	4750	0.3	1	2855 1895
15	4531	0.3	1	2881 1650
16	5102	0.3	1	3122 1980
17	6119	0.3	1	3828 2291
18	3094	0.3	1	2045 1049
19	2762	0.3	1	1688 1074
20	4443	0.3	1	2838 1605
21	3758	0.3	1	2359 1399
22	2955	0.3	1	1918 1037
23	4502	0.3	1	2805 1697
24	4262	0.3	1	2532 1730
25	3717	0.3	1	2372 1345
26	2989	0.3	1	1911 1078
27	3951	0.3	1	2472 1479
28	3384	0.3	1	2096 1288
29	4189	0.3	1	2552 1637
30	2596	0.3	1	1666 930
31	2385	0.3	1	1442 943
32	3192	0.3	1	2033 1159
33	3481	0.3	1	2072 1409
34	3477	0.3	1	2101 1376
35	4715	0.3	1	2891 1824
36	2515	0.3	1	1497 1018
37	2205	0.3	1	1341 864
38	2437	0.3	1	1568 869
39	3324	0.3	1	1957 1367
40	1866	0.3	1	1227 639
41	3119	0.3	1	1904 1215
42	2654	0.3	1	1602 1052
43	3167	0.3	1	1950 1217
44	2823	0.3	1	1381 1442
45	2961	0.3	1	2001 960
46	1162	0.3	1	680 482
47	1038	0.3	1	612 426
48	1178	0.3	1	717 461
49	788	0.3	1	477 311
50	806	0.3	1	444 362
51	933	0.3	1	571 362
52	455	0.3	1	267 188
53	365	0.3	1	191 174
54	596	0.3	1	325 271
55	407	0.3	1	230 177
56	325	0.3	1	173 152
57	367	0.3	1	205 162
58	243	0.3	1	125 118
59	340	0.3	1	184 156
60	182	0.3	1	86 96
61	273	0.3	1	93 180
62	265	0.3	1	142 123
63	142	0.3	1	73 69
64	398	0.3	1	58 340
65	160	0.3	1	103 57
66	111	0.3	1	59 52
67	86	0.3	1	43 43
68	110	0.3	1	48 62
69	96	0.3	1	42 54
70	92	0.3	1	41 51
71	35	0.3	1	10 25
72	19	0.3	1	6 13
73	71	0.3	1	11 60
74	40	0.3	1	13 27
75	43	0.3	1	19 24
76	37	0.3	1	23 14
77	45	0.3	1	17 28
78	39	0.3	1	15 24
79	28	0.3	1	9 19
80	31	0.3	1	11 20
81	18	0.3	1	4 14
82	22	0.3	1	2 20
83	22	0.3	1	2 20
84	12	0.3	1	1 11
85	12	0.3	1	0 12
86	5	0.3	1	1 4
87	19	0.3	1	3 16
88	16	0.3	1	1 15
89	9	0.3	1	1 8
90	13	0.3	1	0 13
91	19	0.3	1	1 18
92	11	0.3	1	0 11
93	11	0.3	1	0 11
94	22	0.3	1	0 22
95	8	0.3	1	0 8
96	6	0.3	1	0 6
97	16	0.3	1	0 16
98	9	0.3	1	0 9
99	23	0.3	1	0 23
100	9	0.3	1	0 9
101	8	0.3	1	0 8
102	10	0.3	1	0 10
103	16	0.3	1	0 16
104	18	0.3	1	0 18
105	8	0.3	1	0 8
106	12	0.3	1	0 12
107	16	0.3	1	0 16
108	9	0.3	1	0 9
109	14	0.3	1	0 14
110	18	0.3	1	0 18
111	8	0.3	1	0 8
112	11	0.3	1	0 11
113	18	0.3	1	0 18
114	15	0.3	1	1 14
115	26	0.3	1	0 26
116	22	0.3	1	0 22
117	16	0.3	1	0 16
118	15	0.3	1	0 15
119	18	0.3	1	0 18
120	12	0.3	1	0 12
121	19	0.3	1	0 19
122	5	0.3	1	0 5
123	8	0.3	1	0 8
124	10	0.3	1	0 10
125	7	0.3	1	0 7
126	8	0.3	1	0 8
127	7	0.3	1	0 7
128	8	0.3	1	0 8
129	14	0.3	1	0 14
130	12	0.3	1	0 12
131	4	0.3	1	0 4
132	16	0.3	1	0 16
133	11	0.3	1	0 11
134	15	0.3	1	0 15
135	18	0.3	1	0 18
136	10	0.3	1	0 10
137	9	0.3	1	0 9
138	13	0.3	1	0 13
139	9	0.3	1	0 9
140	4	0.3	1	0 4
141	12	0.3	1	0 12
142	11	0.3	1	0 11
143	17	0.3	1	0 17
144	9	0.3	1	0 9
145	16	0.3	1	0 16
146	16	0.3	1	0 16
147	15	0.3	1	0 15
148	48	0.3	1	0 48
149	131	0.3	1	0 131
150	977	0.3	1	0 977

RUN STATISTICS FOR INPUT FILE: ../raw_data_fq/A1_heart_IP_CleanData_R1.fastq.gz
=============================================
20981607 sequences processed in total
The length threshold of paired-end sequences gets evaluated later on (in the validation step)

Writing report to '/home/charles/Projects/m6a_data/trim_out/A1_heart_IP_CleanData_R2.fastq.gz_trimming_report.txt'

SUMMARISING RUN PARAMETERS
==========================
Input filename: ../raw_data_fq/A1_heart_IP_CleanData_R2.fastq.gz
Trimming mode: paired-end
Trim Galore version: 0.6.10
Cutadapt version: 3.5
Number of cores used for trimming: 1
Quality Phred score cutoff: 30
Quality encoding type selected: ASCII+33
Adapter sequence: 'AGATCGGAAGAGC' (Illumina TruSeq, Sanger iPCR; auto-detected)
Maximum trimming error rate: 0.1 (default)
Minimum required adapter overlap (stringency): 1 bp
Minimum required sequence length for both reads before a sequence pair gets removed: 25 bp
Running FastQC on the data once trimming has completed
Output file(s) will be GZIP compressed

Cutadapt seems to be fairly up-to-date (version 3.5). Setting -j -j 1
Writing final adapter and quality trimmed output to A1_heart_IP_CleanData_R2_trimmed.fq.gz


  >>> Now performing quality (cutoff '-q 30') and adapter trimming in a single pass for the adapter sequence: 'AGATCGGAAGAGC' from file ../raw_data_fq/A1_heart_IP_CleanData_R2.fastq.gz <<< 
